#
# There is insufficient memory for the Java Runtime Environment to continue.
# Native memory allocation (mmap) failed to map 134217728 bytes for G1 virtual space
# Possible reasons:
#   The system is out of physical RAM or swap space
#   The process is running with CompressedOops enabled, and the Java Heap may be blocking the growth of the native heap
# Possible solutions:
#   Reduce memory load on the system
#   Increase physical memory or swap space
#   Check if swap backing store is full
#   Decrease Java heap size (-Xmx/-Xms)
#   Decrease number of Java threads
#   Decrease Java thread stack sizes (-Xss)
#   Set larger code cache with -XX:ReservedCodeCacheSize=
#   JVM is running with Unscaled Compressed Oops mode in which the Java heap is
#     placed in the first 4GB address space. The Java Heap base address is the
#     maximum limit for the native heap growth. Please use -XX:HeapBaseMinAddress
#     to set the Java Heap base and to place the Java Heap above 4GB virtual address.
# This output file may be truncated or incomplete.
#
#  Out of Memory Error (os_windows.cpp:3548), pid=4288, tid=8852
#
# JRE version:  (17.0.10+11) (build )
# Java VM: Java HotSpot(TM) 64-Bit Server VM (17.0.10+11-LTS-240, mixed mode, emulated-client, sharing, tiered, compressed oops, compressed class ptrs, g1 gc, windows-amd64)
# No core dump will be written. Minidumps are not enabled by default on client versions of Windows
#

---------------  S U M M A R Y ------------

Command Line: -XX:TieredStopAtLevel=1 io.reflectoring.user_notification_service.UserNotificationServiceApplication

Host: Intel(R) Core(TM) i5-7Y54 CPU @ 1.20GHz, 4 cores, 7G,  Windows 10 , 64 bit Build 19041 (10.0.19041.3636)
Time: Wed Apr  3 12:54:16 2024 Eastern Daylight Time elapsed time: 0.034168 seconds (0d 0h 0m 0s)

---------------  T H R E A D  ---------------

Current thread (0x0000026641d7da50):  JavaThread "Unknown thread" [_thread_in_vm, id=8852, stack(0x000000d887f00000,0x000000d888000000)]

Stack: [0x000000d887f00000,0x000000d888000000]
Native frames: (J=compiled Java code, j=interpreted, Vv=VM code, C=native code)
V  [jvm.dll+0x677a5a]
V  [jvm.dll+0x7d8b2d]
V  [jvm.dll+0x7da48e]
V  [jvm.dll+0x7daaf3]
V  [jvm.dll+0x2455ff]
V  [jvm.dll+0x6749b9]
V  [jvm.dll+0x669382]
V  [jvm.dll+0x302e96]
V  [jvm.dll+0x30a416]
V  [jvm.dll+0x359cbe]
V  [jvm.dll+0x359eef]
V  [jvm.dll+0x2d9e88]
V  [jvm.dll+0x2dadf4]
V  [jvm.dll+0x7aa551]
V  [jvm.dll+0x367911]
V  [jvm.dll+0x789639]
V  [jvm.dll+0x3eb30f]
V  [jvm.dll+0x3ecd91]
C  [jli.dll+0x5297]
C  [ucrtbase.dll+0x21bb2]
C  [KERNEL32.DLL+0x17344]
C  [ntdll.dll+0x526b1]


---------------  P R O C E S S  ---------------

Threads class SMR info:
_java_thread_list=0x00007ffeb62b6a18, length=0, elements={
}

Java Threads: ( => current thread )

Other Threads:
  0x0000026641dd5350 GCTaskThread "GC Thread#0" [stack: 0x000000d888000000,0x000000d888100000] [id=23368]
  0x0000026641de5df0 ConcurrentGCThread "G1 Main Marker" [stack: 0x000000d888100000,0x000000d888200000] [id=7300]
  0x0000026641de7720 ConcurrentGCThread "G1 Conc#0" [stack: 0x000000d888200000,0x000000d888300000] [id=25584]

[error occurred during error reporting (printing all threads), id 0xc0000005, EXCEPTION_ACCESS_VIOLATION (0xc0000005) at pc=0x00007ffeb5aeaae7]

VM state: not at safepoint (not fully initialized)

VM Mutex/Monitor currently owned by a thread:  ([mutex/lock_event])
[0x000002663fd4cd00] Heap_lock - owner thread: 0x0000026641d7da50

Heap address: 0x0000000081e00000, size: 2018 MB, Compressed Oops mode: 32-bit

CDS archive(s) mapped at: [0x0000000000000000-0x0000000000000000-0x0000000000000000), size 0, SharedBaseAddress: 0x0000000800000000, ArchiveRelocationMode: 1.
Narrow klass base: 0x0000000000000000, Narrow klass shift: 0, Narrow klass range: 0x0

GC Precious Log:
<Empty>

Heap:
 garbage-first heap   total 0K, used 0K [0x0000000081e00000, 0x0000000100000000)
  region size 1024K, 0 young (0K), 0 survivors (0K)

[error occurred during error reporting (printing heap information), id 0xc0000005, EXCEPTION_ACCESS_VIOLATION (0xc0000005) at pc=0x00007ffeb5ed1249]

GC Heap History (0 events):
No events

Deoptimization events (0 events):
No events

Classes unloaded (0 events):
No events

Classes redefined (0 events):
No events

Internal exceptions (0 events):
No events

VM Operations (0 events):
No events

Events (1 events):
Event: 0.016 Loaded shared library C:\Devtools\jdk-17.0.10\bin\java.dll


Dynamic libraries:
0x00007ff640730000 - 0x00007ff640740000 	C:\Devtools\jdk-17.0.10\bin\java.exe
0x00007fff0ca30000 - 0x00007fff0cc28000 	C:\Windows\SYSTEM32\ntdll.dll
0x00007fff0b7c0000 - 0x00007fff0b87d000 	C:\Windows\System32\KERNEL32.DLL
0x00007fff0a480000 - 0x00007fff0a776000 	C:\Windows\System32\KERNELBASE.dll
0x00007fff0a8d0000 - 0x00007fff0a9d0000 	C:\Windows\System32\ucrtbase.dll
0x00007ffef4340000 - 0x00007ffef4359000 	C:\Devtools\jdk-17.0.10\bin\jli.dll
0x00007ffef4420000 - 0x00007ffef443b000 	C:\Devtools\jdk-17.0.10\bin\VCRUNTIME140.dll
0x00007fff0b350000 - 0x00007fff0b400000 	C:\Windows\System32\ADVAPI32.dll
0x00007fff0ae00000 - 0x00007fff0ae9e000 	C:\Windows\System32\msvcrt.dll
0x00007fff0b6c0000 - 0x00007fff0b760000 	C:\Windows\System32\sechost.dll
0x00007fff0bf90000 - 0x00007fff0c0b5000 	C:\Windows\System32\RPCRT4.dll
0x00007fff0a110000 - 0x00007fff0a137000 	C:\Windows\System32\bcrypt.dll
0x00007fff0b1b0000 - 0x00007fff0b34e000 	C:\Windows\System32\USER32.dll
0x00007fff0a0e0000 - 0x00007fff0a102000 	C:\Windows\System32\win32u.dll
0x00007fff0c950000 - 0x00007fff0c97b000 	C:\Windows\System32\GDI32.dll
0x00007fff0a190000 - 0x00007fff0a2a7000 	C:\Windows\System32\gdi32full.dll
0x00007fff0a780000 - 0x00007fff0a81d000 	C:\Windows\System32\msvcp_win.dll
0x00007ffef50d0000 - 0x00007ffef536a000 	C:\Windows\WinSxS\amd64_microsoft.windows.common-controls_6595b64144ccf1df_6.0.19041.3636_none_60b6a03d71f818d5\COMCTL32.dll
0x00007ffefddf0000 - 0x00007ffefddfa000 	C:\Windows\SYSTEM32\VERSION.dll
0x00007fff0adc0000 - 0x00007fff0adf2000 	C:\Windows\System32\IMM32.DLL
0x00007fff02020000 - 0x00007fff0202c000 	C:\Devtools\jdk-17.0.10\bin\vcruntime140_1.dll
0x00007ffede6c0000 - 0x00007ffede74e000 	C:\Devtools\jdk-17.0.10\bin\msvcp140.dll
0x00007ffeb5800000 - 0x00007ffeb63df000 	C:\Devtools\jdk-17.0.10\bin\server\jvm.dll
0x00007fff0c980000 - 0x00007fff0c988000 	C:\Windows\System32\PSAPI.DLL
0x00007ffeee060000 - 0x00007ffeee069000 	C:\Windows\SYSTEM32\WSOCK32.dll
0x00007fff0b120000 - 0x00007fff0b18b000 	C:\Windows\System32\WS2_32.dll
0x00007ffef5390000 - 0x00007ffef53b7000 	C:\Windows\SYSTEM32\WINMM.dll
0x00007fff088e0000 - 0x00007fff088f2000 	C:\Windows\SYSTEM32\kernel.appcore.dll
0x00007ffefce50000 - 0x00007ffefce5a000 	C:\Devtools\jdk-17.0.10\bin\jimage.dll
0x00007fff07e40000 - 0x00007fff08024000 	C:\Windows\SYSTEM32\DBGHELP.DLL
0x00007ffef1020000 - 0x00007ffef1054000 	C:\Windows\SYSTEM32\dbgcore.DLL
0x00007fff0a9d0000 - 0x00007fff0aa52000 	C:\Windows\System32\bcryptPrimitives.dll
0x00007ffee2f30000 - 0x00007ffee2f55000 	C:\Devtools\jdk-17.0.10\bin\java.dll

dbghelp: loaded successfully - version: 4.0.5 - missing functions: none
symbol engine: initialized successfully - sym options: 0x614 - pdb path: .;C:\Devtools\jdk-17.0.10\bin;C:\Windows\SYSTEM32;C:\Windows\WinSxS\amd64_microsoft.windows.common-controls_6595b64144ccf1df_6.0.19041.3636_none_60b6a03d71f818d5;C:\Devtools\jdk-17.0.10\bin\server

VM Arguments:
jvm_args: -XX:TieredStopAtLevel=1 
java_command: io.reflectoring.user_notification_service.UserNotificationServiceApplication
java_class_path (initial): C:\Projects\arpendukumargarai-code-examples\spring-proactive-architecture\proactive-user-notification-service\target\classes;C:\Users\melro\.m2\repository\org\springframework\cloud\spring-cloud-starter-gateway\4.1.0\spring-cloud-starter-gateway-4.1.0.jar;C:\Users\melro\.m2\repository\org\springframework\cloud\spring-cloud-starter\4.1.0\spring-cloud-starter-4.1.0.jar;C:\Users\melro\.m2\repository\org\springframework\cloud\spring-cloud-context\4.1.0\spring-cloud-context-4.1.0.jar;C:\Users\melro\.m2\repository\org\springframework\security\spring-security-crypto\6.2.2\spring-security-crypto-6.2.2.jar;C:\Users\melro\.m2\repository\org\springframework\cloud\spring-cloud-commons\4.1.0\spring-cloud-commons-4.1.0.jar;C:\Users\melro\.m2\repository\org\springframework\security\spring-security-rsa\1.1.1\spring-security-rsa-1.1.1.jar;C:\Users\melro\.m2\repository\org\bouncycastle\bcprov-jdk18on\1.74\bcprov-jdk18on-1.74.jar;C:\Users\melro\.m2\repository\org\springframework\cloud\spring-cloud-gateway-server\4.1.0\spring-cloud-gateway-server-4.1.0.jar;C:\Users\melro\.m2\repository\org\apache\tomcat\embed\tomcat-embed-el\10.1.19\tomcat-embed-el-10.1.19.jar;C:\Users\melro\.m2\repository\org\hibernate\validator\hibernate-validator\8.0.1.Final\hibernate-validator-8.0.1.Final.jar;C:\Users\melro\.m2\repository\jakarta\validation\jakarta.validation-api\3.0.2\jakarta.validation-api-3.0.2.jar;C:\Users\melro\.m2\repository\org\jboss\logging\jboss-logging\3.5.3.Final\jboss-logging-3.5.3.Final.jar;C:\Users\melro\.m2\repository\com\fasterxml\classmate\1.6.0\classmate-1.6.0.jar;C:\Users\melro\.m2\repository\io\projectreactor\addons\reactor-extra\3.5.1\reactor-extra-3.5.1.jar;C:\Users\melro\.m2\repository\io\projectreactor\reactor-core\3.6.3\reactor-core-3.6.3.jar;C:\Users\melro\.m2\repository\org\reactivestreams\reactive-streams\1.0.4\reactive-streams-1.0.4.jar;C:\Users\melro\.m2\repository\com\fasterxml\jackson\datatype\jackson-datatype-jdk8\2.15.4\jackson-datatype-
Launcher Type: SUN_STANDARD

[Global flags]
     intx CICompilerCount                          = 3                                         {product} {ergonomic}
     uint ConcGCThreads                            = 1                                         {product} {ergonomic}
     uint G1ConcRefinementThreads                  = 4                                         {product} {ergonomic}
   size_t G1HeapRegionSize                         = 1048576                                   {product} {ergonomic}
    uintx GCDrainStackTargetSize                   = 64                                        {product} {ergonomic}
   size_t InitialHeapSize                          = 134217728                                 {product} {ergonomic}
   size_t MarkStackSize                            = 4194304                                   {product} {ergonomic}
   size_t MaxHeapSize                              = 2116026368                                {product} {ergonomic}
   size_t MinHeapDeltaBytes                        = 1048576                                   {product} {ergonomic}
   size_t MinHeapSize                              = 8388608                                   {product} {ergonomic}
    uintx NonProfiledCodeHeapSize                  = 0                                      {pd product} {ergonomic}
     bool ProfileInterpreter                       = false                                  {pd product} {command line}
    uintx ProfiledCodeHeapSize                     = 0                                      {pd product} {ergonomic}
   size_t SoftMaxHeapSize                          = 2116026368                             {manageable} {ergonomic}
     intx TieredStopAtLevel                        = 1                                         {product} {command line}
     bool UseCompressedClassPointers               = true                           {product lp64_product} {ergonomic}
     bool UseCompressedOops                        = true                           {product lp64_product} {ergonomic}
     bool UseG1GC                                  = true                                      {product} {ergonomic}
     bool UseLargePagesIndividualAllocation        = false                                  {pd product} {ergonomic}

Logging:
Log output configuration:
 #0: stdout all=warning uptime,level,tags
 #1: stderr all=off uptime,level,tags

Environment Variables:
JAVA_HOME=C:\Devtools\jdk-17.0.10
PATH=C:\Program Files (x86)\Common Files\Oracle\Java\javapath;C:\Devtools\jdk-17.0.10\bin;C:\Windows\system32;C:\Windows;C:\Windows\System32\Wbem;C:\Windows\System32\WindowsPowerShell\v1.0\;C:\Windows\System32\OpenSSH\;C:\Program Files (x86)\Intel\Intel(R) Management Engine Components\DAL;C:\Program Files\Intel\Intel(R) Management Engine Components\DAL;C:\Devtools\maven-3.9.6\bin;%NODEJS_HOME%;%GIT_HOME%\bin;%MONGO_HOME%\bin;%MONGODB_SHELL%\bin;C:\Devtools\Git\cmd;C:\Devtools\gradle-8.6\bin;C:\Devtools\nodejs\;C:\Devtools\curl-8.6.0_4\bin;;C:\Program Files\Docker\Docker\resources\bin;C:\Devtools\Python\Python311\Scripts\;C:\Devtools\Python\Python311\;C:\Users\melro\AppData\Local\Microsoft\WindowsApps;C:\Users\melro\.dotnet\tools;C:\Users\melro\.azure-kubectl;C:\Users\melro\.azure-kubelogin;C:\Users\melro\AppData\Roaming\npm;
USERNAME=melro
OS=Windows_NT
PROCESSOR_IDENTIFIER=Intel64 Family 6 Model 142 Stepping 9, GenuineIntel



---------------  S Y S T E M  ---------------

OS:
 Windows 10 , 64 bit Build 19041 (10.0.19041.3636)
OS uptime: 7 days 0:39 hours
Hyper-V role detected

CPU: total 4 (initial active 4) (2 cores per cpu, 2 threads per core) family 6 model 142 stepping 9 microcode 0xf0, cx8, cmov, fxsr, ht, mmx, 3dnowpref, sse, sse2, sse3, ssse3, sse4.1, sse4.2, popcnt, lzcnt, tsc, tscinvbit, avx, avx2, aes, erms, clmul, bmi1, bmi2, adx, fma, vzeroupper, clflush, clflushopt, hv

Memory: 4k page, system-wide physical 8067M (249M free)
TotalPageFile size 23253M (AvailPageFile size 69M)
current process WorkingSet (physical memory assigned to process): 10M, peak: 10M
current process commit charge ("private bytes"): 47M, peak: 174M

vm_info: Java HotSpot(TM) 64-Bit Server VM (17.0.10+11-LTS-240) for windows-amd64 JRE (17.0.10+11-LTS-240), built on Dec 19 2023 21:47:25 by "mach5one" with MS VC++ 17.1 (VS2022)

END.
